<?xml version="1.0" encoding="UTF-8"?>
<testsuite name="is.ru.TicTacToe.TicTacToeTest" tests="12" skipped="0" failures="0" errors="0" timestamp="2016-10-30T23:06:02" hostname="DESKTOP-JRTQMJ3" time="0.007">
  <properties/>
  <testcase name="testIsNotFull" classname="is.ru.TicTacToe.TicTacToeTest" time="0.002"/>
  <testcase name="testMakeMoveNine" classname="is.ru.TicTacToe.TicTacToeTest" time="0.0"/>
  <testcase name="testMakeMoveZero" classname="is.ru.TicTacToe.TicTacToeTest" time="0.0"/>
  <testcase name="testTogglePlayerO" classname="is.ru.TicTacToe.TicTacToeTest" time="0.0"/>
  <testcase name="testWinnerO" classname="is.ru.TicTacToe.TicTacToeTest" time="0.0"/>
  <testcase name="testWinnerX" classname="is.ru.TicTacToe.TicTacToeTest" time="0.0"/>
  <testcase name="testIsFull" classname="is.ru.TicTacToe.TicTacToeTest" time="0.0"/>
  <testcase name="testMakeMoveOne" classname="is.ru.TicTacToe.TicTacToeTest" time="0.0"/>
  <testcase name="testMakeMoveSix" classname="is.ru.TicTacToe.TicTacToeTest" time="0.0"/>
  <testcase name="testMakeMoveTen" classname="is.ru.TicTacToe.TicTacToeTest" time="0.0"/>
  <testcase name="testResetBoard" classname="is.ru.TicTacToe.TicTacToeTest" time="0.0"/>
  <testcase name="testTogglePlayer" classname="is.ru.TicTacToe.TicTacToeTest" time="0.0"/>
  <system-out><![CDATA[]]></system-out>
  <system-err><![CDATA[]]></system-err>
</testsuite>
